[Info  - 下午5:57:53] Initialising intelephense 1.2.3
[Info  - 下午5:57:53] Initialised in 62 ms
ApplicationInsights:CorrelationIdManager [ { Error: self signed certificate in certificate chain
      at TLSSocket.onConnectSecure (_tls_wrap.js:1049:34)
      at TLSSocket.emit (events.js:182:13)
      at TLSSocket._finishInit (_tls_wrap.js:631:8) code: 'SELF_SIGNED_CERT_IN_CHAIN' } ]
[Info  - 下午5:57:54] Indexing started.
[Warn  - 下午5:58:00] file:///home/ian/App/www/fuel_server/fuel/app/logs/2019/09/23.php is over the maximum file size of 1000000 bytes.
[Warn  - 下午5:58:00] file:///home/ian/App/www/fuel_server/fuel/app/logs/2019/09/24.php is over the maximum file size of 1000000 bytes.
[Warn  - 下午5:58:00] file:///home/ian/App/www/fuel_server/fuel/app/logs/2019/09/25.php is over the maximum file size of 1000000 bytes.
[Info  - 下午5:58:14] Indexing ended. 772 files indexed in 19s.
[Info  - 下午5:58:14] Writing state to /home/ian/App/~/.vscode-root/User/workspaceStorage/ba79dd66c4dc942a9576671c6009bb52/bmewburn.vscode-intelephense-client/3b632c02.
[Info  - 下午5:58:15] Wrote state in 1.4s.
[Info  - 下午5:58:31] Indexing started.
[Info  - 下午5:58:31] Indexing ended. 1 files indexed in 0s.
[Info  - 下午5:58:32] Indexing started.
[Info  - 下午5:58:33] Indexing ended. 1 files indexed in 0s.
[Info  - 下午5:58:33] Indexing started.
[Info  - 下午5:58:34] Indexing ended. 1 files indexed in 0s.
[Info  - 下午5:58:34] Indexing started.
[Info  - 下午5:58:35] Indexing ended. 1 files indexed in 0s.
[Info  - 下午5:58:35] Indexing started.
[Info  - 下午5:58:36] Indexing ended. 1 files indexed in 0s.
[Info  - 下午5:58:37] Indexing started.
[Info  - 下午5:58:37] Indexing ended. 1 files indexed in 0s.
[Info  - 下午5:58:38] Indexing started.
[Info  - 下午5:58:38] Indexing ended. 1 files indexed in 0s.
[Info  - 下午5:58:39] Indexing started.
[Info  - 下午5:58:39] Indexing ended. 1 files indexed in 0s.
[Info  - 下午5:58:40] Indexing started.
[Info  - 下午5:58:40] Indexing ended. 1 files indexed in 0s.
[Info  - 下午5:58:41] Indexing started.
[Info  - 下午5:58:41] Indexing ended. 1 files indexed in 0s.
[Info  - 下午5:58:42] Indexing started.
[Info  - 下午5:58:42] Indexing ended. 1 files indexed in 0s.
[Info  - 下午5:58:43] Indexing started.
[Info  - 下午5:58:43] Indexing ended. 1 files indexed in 0s.
[Info  - 下午5:58:44] Indexing started.
[Info  - 下午5:58:44] Indexing ended. 1 files indexed in 0s.
[Info  - 下午5:58:45] Indexing started.
[Info  - 下午5:58:45] Indexing ended. 1 files indexed in 0s.
[Info  - 下午5:58:46] Indexing started.
[Info  - 下午5:58:46] Indexing ended. 1 files indexed in 0s.
[Info  - 下午5:58:47] Indexing started.
[Info  - 下午5:58:48] Indexing ended. 1 files indexed in 0s.
[Info  - 下午5:58:48] Indexing started.
[Info  - 下午5:58:49] Indexing ended. 1 files indexed in 0s.
[Info  - 下午5:58:49] Indexing started.
[Info  - 下午5:58:50] Indexing ended. 1 files indexed in 0s.
[Info  - 下午5:58:50] Indexing started.
[Info  - 下午5:58:51] Indexing ended. 1 files indexed in 0s.
[Info  - 下午5:58:51] Indexing started.
[Info  - 下午5:58:52] Indexing ended. 1 files indexed in 0s.
[Info  - 下午5:58:52] Indexing started.
[Info  - 下午5:58:53] Indexing ended. 1 files indexed in 0s.
[Info  - 下午5:58:54] Indexing started.
[Info  - 下午5:58:54] Indexing ended. 1 files indexed in 0s.
[Info  - 下午5:58:55] Indexing started.
[Info  - 下午5:58:55] Indexing ended. 1 files indexed in 0s.
[Info  - 下午5:58:56] Indexing started.
[Info  - 下午5:58:56] Indexing ended. 1 files indexed in 0s.
[Info  - 下午5:58:57] Indexing started.
[Info  - 下午5:58:57] Indexing ended. 1 files indexed in 0s.
[Info  - 下午5:58:58] Indexing started.
[Info  - 下午5:58:58] Indexing ended. 1 files indexed in 0s.
[Info  - 下午5:58:59] Indexing started.
[Info  - 下午5:58:59] Indexing ended. 1 files indexed in 0s.
[Info  - 下午5:59:00] Indexing started.
[Info  - 下午5:59:00] Indexing ended. 1 files indexed in 0s.
[Info  - 下午5:59:01] Indexing started.
[Info  - 下午5:59:01] Indexing ended. 1 files indexed in 0s.
[Info  - 下午5:59:02] Indexing started.
[Info  - 下午5:59:03] Indexing ended. 2 files indexed in 0s.
[Info  - 下午5:59:03] Indexing started.
[Info  - 下午5:59:03] Indexing ended. 1 files indexed in 0s.
[Info  - 下午5:59:04] Indexing started.
[Info  - 下午5:59:04] Indexing ended. 1 files indexed in 0s.
[Info  - 下午5:59:05] Indexing started.
[Info  - 下午5:59:06] Indexing ended. 1 files indexed in 0s.
[Info  - 下午5:59:06] Indexing started.
[Info  - 下午5:59:07] Indexing ended. 1 files indexed in 0s.
[Info  - 下午5:59:07] Indexing started.
[Info  - 下午5:59:08] Indexing ended. 1 files indexed in 0s.
[Info  - 下午5:59:08] Indexing started.
[Info  - 下午5:59:09] Indexing ended. 1 files indexed in 0s.
[Info  - 下午5:59:10] Indexing started.
[Info  - 下午5:59:10] Indexing ended. 1 files indexed in 0s.
[Info  - 下午5:59:11] Indexing started.
[Info  - 下午5:59:11] Indexing ended. 1 files indexed in 0s.
[Info  - 下午5:59:12] Indexing started.
[Info  - 下午5:59:12] Indexing ended. 1 files indexed in 0s.
[Info  - 下午5:59:13] Indexing started.
[Info  - 下午5:59:13] Indexing ended. 1 files indexed in 0s.
[Info  - 下午5:59:14] Indexing started.
[Info  - 下午5:59:14] Indexing ended. 1 files indexed in 0s.
[Info  - 下午5:59:15] Indexing started.
[Info  - 下午5:59:15] Indexing ended. 1 files indexed in 0s.
[Info  - 下午5:59:16] Indexing started.
[Info  - 下午5:59:16] Indexing ended. 1 files indexed in 0s.
[Info  - 下午5:59:17] Indexing started.
[Info  - 下午5:59:17] Indexing ended. 1 files indexed in 0s.
[Info  - 下午5:59:18] Indexing started.
[Info  - 下午5:59:18] Indexing ended. 1 files indexed in 0s.
[Info  - 下午5:59:19] Indexing started.
[Info  - 下午5:59:19] Indexing ended. 1 files indexed in 0s.
[Info  - 下午5:59:20] Indexing started.
[Info  - 下午5:59:21] Indexing ended. 1 files indexed in 0s.
[Info  - 下午5:59:21] Indexing started.
[Info  - 下午5:59:22] Indexing ended. 1 files indexed in 0s.
[Info  - 下午5:59:22] Indexing started.
[Info  - 下午5:59:22] Indexing ended. 1 files indexed in 0s.
[Info  - 下午5:59:22] Indexing started.
[Info  - 下午5:59:23] Indexing ended. 1 files indexed in 0s.
[Info  - 下午5:59:24] Indexing started.
[Info  - 下午5:59:24] Indexing ended. 1 files indexed in 0s.
[Info  - 下午5:59:25] Indexing started.
[Info  - 下午5:59:25] Indexing ended. 1 files indexed in 0s.
[Info  - 下午5:59:26] Indexing started.
[Info  - 下午5:59:26] Indexing ended. 1 files indexed in 0s.
[Info  - 下午5:59:27] Indexing started.
[Info  - 下午5:59:27] Indexing ended. 1 files indexed in 0s.
[Info  - 下午5:59:28] Indexing started.
[Info  - 下午5:59:28] Indexing ended. 2 files indexed in 0s.
[Info  - 下午5:59:29] Indexing started.
[Info  - 下午5:59:29] Indexing ended. 1 files indexed in 0s.
[Info  - 下午5:59:30] Indexing started.
[Info  - 下午5:59:30] Indexing ended. 1 files indexed in 0s.
[Info  - 下午5:59:31] Indexing started.
[Info  - 下午5:59:31] Indexing ended. 1 files indexed in 0s.
[Info  - 下午5:59:32] Indexing started.
[Info  - 下午5:59:32] Indexing ended. 1 files indexed in 0s.
[Info  - 下午5:59:33] Indexing started.
[Info  - 下午5:59:33] Indexing ended. 1 files indexed in 0s.
[Info  - 下午5:59:34] Indexing started.
[Info  - 下午5:59:34] Indexing ended. 2 files indexed in 0s.
[Info  - 下午5:59:35] Indexing started.
[Info  - 下午5:59:35] Indexing ended. 1 files indexed in 0s.
[Info  - 下午5:59:36] Indexing started.
[Info  - 下午5:59:36] Indexing ended. 1 files indexed in 0s.
[Info  - 下午5:59:37] Indexing started.
[Info  - 下午5:59:37] Indexing ended. 1 files indexed in 0s.
[Info  - 下午5:59:38] Indexing started.
[Info  - 下午5:59:38] Indexing ended. 1 files indexed in 0s.
[Info  - 下午5:59:39] Indexing started.
[Info  - 下午5:59:39] Indexing ended. 1 files indexed in 0s.
[Info  - 下午5:59:40] Indexing started.
[Info  - 下午5:59:40] Indexing ended. 1 files indexed in 0s.
[Info  - 下午5:59:41] Indexing started.
[Info  - 下午5:59:41] Indexing ended. 1 files indexed in 0s.
[Info  - 下午5:59:42] Indexing started.
[Info  - 下午5:59:42] Indexing ended. 1 files indexed in 0s.
[Info  - 下午5:59:43] Indexing started.
[Info  - 下午5:59:43] Indexing ended. 1 files indexed in 0s.
[Info  - 下午5:59:44] Indexing started.
[Info  - 下午5:59:44] Indexing ended. 1 files indexed in 0s.
[Info  - 下午5:59:45] Indexing started.
[Info  - 下午5:59:45] Indexing ended. 1 files indexed in 0s.
[Info  - 下午5:59:46] Indexing started.
[Info  - 下午5:59:46] Indexing ended. 1 files indexed in 0s.
[Info  - 下午5:59:47] Indexing started.
[Info  - 下午5:59:48] Indexing ended. 1 files indexed in 0s.
[Info  - 下午5:59:48] Indexing started.
[Info  - 下午5:59:49] Indexing ended. 1 files indexed in 0s.
[Info  - 下午5:59:49] Indexing started.
[Info  - 下午5:59:50] Indexing ended. 1 files indexed in 0s.
[Info  - 下午5:59:50] Indexing started.
[Info  - 下午5:59:51] Indexing ended. 1 files indexed in 0s.
[Info  - 下午5:59:51] Indexing started.
[Info  - 下午5:59:52] Indexing ended. 1 files indexed in 0s.
[Info  - 下午5:59:53] Indexing started.
[Info  - 下午5:59:53] Indexing ended. 1 files indexed in 0s.
[Info  - 下午5:59:54] Indexing started.
[Info  - 下午5:59:54] Indexing ended. 1 files indexed in 0s.
[Info  - 下午5:59:55] Indexing started.
[Info  - 下午5:59:55] Indexing ended. 1 files indexed in 0s.
[Info  - 下午5:59:56] Indexing started.
[Info  - 下午5:59:56] Indexing ended. 1 files indexed in 0s.
[Info  - 下午5:59:57] Indexing started.
[Info  - 下午5:59:57] Indexing ended. 1 files indexed in 0s.
[Info  - 下午5:59:58] Indexing started.
[Info  - 下午5:59:58] Indexing ended. 1 files indexed in 0s.
[Info  - 下午5:59:59] Indexing started.
[Info  - 下午5:59:59] Indexing ended. 1 files indexed in 0s.
[Info  - 下午6:00:01] Indexing started.
[Info  - 下午6:00:01] Indexing ended. 1 files indexed in 0s.
[Info  - 下午6:01:01] Indexing started.
[Info  - 下午6:01:02] Indexing ended. 1 files indexed in 0s.
[Info  - 下午6:01:04] Indexing started.
[Info  - 下午6:01:05] Indexing ended. 1 files indexed in 0s.
[Info  - 下午6:01:05] Indexing started.
[Info  - 下午6:01:06] Indexing ended. 1 files indexed in 0s.
[Info  - 下午6:01:06] Indexing started.
[Info  - 下午6:01:07] Indexing ended. 1 files indexed in 0s.
[Info  - 下午6:01:07] Indexing started.
[Info  - 下午6:01:08] Indexing ended. 1 files indexed in 0s.
[Info  - 下午6:01:09] Indexing started.
[Info  - 下午6:01:09] Indexing ended. 1 files indexed in 0s.
[Info  - 下午6:01:10] Indexing started.
[Info  - 下午6:01:10] Indexing ended. 1 files indexed in 0s.
[Info  - 下午6:01:11] Indexing started.
[Info  - 下午6:01:11] Indexing ended. 1 files indexed in 0s.
[Info  - 下午6:01:12] Indexing started.
[Info  - 下午6:01:12] Indexing ended. 1 files indexed in 0s.
[Info  - 下午6:01:13] Indexing started.
[Info  - 下午6:01:13] Indexing ended. 1 files indexed in 0s.
