[2019-09-25 17:57:02.572] [exthost] [info] extension host started
[2019-09-25 17:57:02.751] [exthost] [info] ExtensionService#_doActivateExtension alefragnani.Bookmarks {"startup":false,"activationEvent":"onView:bookmarksExplorer"}
[2019-09-25 17:57:02.751] [exthost] [info] ExtensionService#loadCommonJSModule file:///home/ian/.vscode/extensions/alefragnani.bookmarks-10.5.0/dist/extension
[2019-09-25 17:57:02.843] [exthost] [info] ExtensionService#_doActivateExtension vscode.debug-auto-launch {"startup":true,"activationEvent":"*"}
[2019-09-25 17:57:02.843] [exthost] [info] ExtensionService#loadCommonJSModule file:///usr/share/code/resources/app/extensions/debug-auto-launch/dist/extension
[2019-09-25 17:57:02.848] [exthost] [info] ExtensionService#_doActivateExtension vscode.emmet {"startup":true,"activationEvent":"*"}
[2019-09-25 17:57:02.873] [exthost] [info] ExtensionService#loadCommonJSModule file:///usr/share/code/resources/app/extensions/emmet/dist/extension
[2019-09-25 17:57:03.187] [exthost] [info] ExtensionService#_doActivateExtension vscode.git {"startup":true,"activationEvent":"*"}
[2019-09-25 17:57:03.199] [exthost] [info] ExtensionService#loadCommonJSModule file:///usr/share/code/resources/app/extensions/git/dist/main
[2019-09-25 17:57:03.846] [exthost] [info] ExtensionService#_doActivateExtension vscode.merge-conflict {"startup":true,"activationEvent":"*"}
[2019-09-25 17:57:03.846] [exthost] [info] ExtensionService#loadCommonJSModule file:///usr/share/code/resources/app/extensions/merge-conflict/dist/extension
[2019-09-25 17:57:03.868] [exthost] [info] eager extensions activated
[2019-09-25 17:57:23.247] [exthost] [info] extension host started
[2019-09-25 17:57:23.330] [exthost] [info] ExtensionService#_doActivateExtension vscode.debug-auto-launch {"startup":true,"activationEvent":"*"}
[2019-09-25 17:57:23.345] [exthost] [info] ExtensionService#loadCommonJSModule file:///usr/share/code/resources/app/extensions/debug-auto-launch/dist/extension
[2019-09-25 17:57:23.365] [exthost] [info] ExtensionService#_doActivateExtension vscode.emmet {"startup":true,"activationEvent":"*"}
[2019-09-25 17:57:23.365] [exthost] [info] ExtensionService#loadCommonJSModule file:///usr/share/code/resources/app/extensions/emmet/dist/extension
[2019-09-25 17:57:23.674] [exthost] [info] ExtensionService#_doActivateExtension vscode.git {"startup":true,"activationEvent":"*"}
[2019-09-25 17:57:23.677] [exthost] [info] ExtensionService#loadCommonJSModule file:///usr/share/code/resources/app/extensions/git/dist/main
[2019-09-25 17:57:24.256] [exthost] [info] ExtensionService#_doActivateExtension vscode.merge-conflict {"startup":true,"activationEvent":"*"}
[2019-09-25 17:57:24.265] [exthost] [info] ExtensionService#loadCommonJSModule file:///usr/share/code/resources/app/extensions/merge-conflict/dist/extension
[2019-09-25 17:57:24.300] [exthost] [info] ExtensionService#_doActivateExtension alefragnani.Bookmarks {"startup":true,"activationEvent":"*"}
[2019-09-25 17:57:24.300] [exthost] [info] ExtensionService#loadCommonJSModule file:///home/ian/.vscode/extensions/alefragnani.bookmarks-10.5.0/dist/extension
[2019-09-25 17:57:26.001] [exthost] [info] ExtensionService#_doActivateExtension felixfbecker.php-intellisense {"startup":true,"activationEvent":"workspaceContains:**/*.php"}
[2019-09-25 17:57:26.001] [exthost] [info] ExtensionService#loadCommonJSModule file:///home/ian/.vscode/extensions/felixfbecker.php-intellisense-2.3.13/out/extension
[2019-09-25 17:57:47.744] [exthost] [info] ExtensionService#_doActivateExtension vscode.php-language-features {"startup":false,"activationEvent":"onLanguage:php"}
[2019-09-25 17:57:47.744] [exthost] [info] ExtensionService#loadCommonJSModule file:///usr/share/code/resources/app/extensions/php-language-features/dist/phpMain
[2019-09-25 17:57:47.857] [exthost] [info] ExtensionService#_doActivateExtension bmewburn.vscode-intelephense-client {"startup":false,"activationEvent":"onLanguage:php"}
[2019-09-25 17:57:47.857] [exthost] [info] ExtensionService#loadCommonJSModule file:///home/ian/.vscode/extensions/bmewburn.vscode-intelephense-client-1.2.3/lib/extension
[2019-09-25 17:57:48.195] [exthost] [info] ExtensionService#_doActivateExtension ecmel.vscode-html-css {"startup":false,"activationEvent":"onLanguage:php"}
[2019-09-25 17:57:48.214] [exthost] [info] ExtensionService#loadCommonJSModule file:///home/ian/.vscode/extensions/ecmel.vscode-html-css-0.2.3/dist/extension
